<?xml version="1.0" encoding="UTF-8"?>
<!-- Generated by org.testng.reporters.JUnitXMLReporter -->
<testsuite hostname="Dell-PC" name="FirefoxTest" tests="2" failures="1" timestamp="3 Feb 2017 08:17:11 GMT" time="42.812" errors="0">
  <testcase name="LoginTC01" time="6.676" classname="testcases.LoginTestCases"/>
  <testcase name="LoginTC02" time="9.367" classname="testcases.LoginTestCases">
    <failure type="java.lang.AssertionError" message="expected [true] but found [false]">
      <![CDATA[java.lang.AssertionError: expected [true] but found [false]
	at testcases.LoginTestCases.LoginTC02(LoginTestCases.java:51)
... Removed 28 stack frames]]>
    </failure>
  </testcase> <!-- LoginTC02 -->
</testsuite> <!-- FirefoxTest -->
