<?xml version="1.0" encoding="UTF-8"?>
<!-- Generated by org.testng.reporters.JUnitXMLReporter -->
<testsuite hostname="Dell-PC" name="IETest" tests="2" failures="1" timestamp="3 Feb 2017 08:10:34 GMT" time="27.105" errors="0">
  <testcase name="LoginTC02" time="11.434" classname="testcases.LoginTestCases">
    <failure type="java.lang.NullPointerException">
      <![CDATA[java.lang.NullPointerException
	at utils.ControlFactory.getControl(ControlFactory.java:55)
	at testcases.LoginTestCases.LoginTC02(LoginTestCases.java:50)
	at java.util.concurrent.ThreadPoolExecutor.runWorker(Unknown Source)
	at java.util.concurrent.ThreadPoolExecutor$Worker.run(Unknown Source)
	at java.lang.Thread.run(Unknown Source)
... Removed 10 stack frames]]>
    </failure>
  </testcase> <!-- LoginTC02 -->
  <testcase name="LoginTC01" time="16.626" classname="testcases.LoginTestCases"/>
</testsuite> <!-- IETest -->
